2026-02-10 22:03:40,626 - Mod_GRI_MacroEconomicos - INFO - Catálogo inicializado con 53 variables
2026-02-10 22:03:40,627 - __main__ - INFO - Catálogo generado: 53 variables
2026-02-10 22:03:40,649 - Mod_GRI_MacroEconomicos - INFO - Diccionario de datos exportado a: C:\Trabajo\3.-Proyectos\3.-Proyectos\2.-P002_Creand\5.-Presentacion Noviembre\1.-Creacion Nueva Cartera Etfs\3.-Agente GPT\1.-Agente GRI\3.-Generacion Series MacroEconomicas\2.-Output\data\diccionario_datos_macro.csv
2026-02-10 22:03:40,650 - Mod_GRI_MacroEconomicos - INFO - Total variables documentadas: 53
2026-02-10 22:03:40,654 - Mod_GRI_MacroEconomicos - INFO - MapeoActivoFactores inicializado
2026-02-10 22:03:42,003 - Mod_GRI_MacroEconomicos - INFO - Universo invertible cargado: 136 ETFs
2026-02-10 22:03:42,013 - Mod_GRI_MacroEconomicos - INFO -   - Renta Variable: 92 ETFs
2026-02-10 22:03:42,015 - Mod_GRI_MacroEconomicos - INFO -   - Renta Fija: 34 ETFs
2026-02-10 22:03:42,021 - Mod_GRI_MacroEconomicos - INFO -   - Otros: 10 ETFs
2026-02-10 22:03:42,600 - Mod_GRI_MacroEconomicos - INFO - Total mapeos: 136
2026-02-10 22:04:10,861 - Mod_Descarga_API_Publica - WARNING - No se proporcionó API key de FRED
2026-02-10 22:04:10,861 - Mod_Descarga_API_Publica - INFO - Para obtener una (gratis): https://fred.stlouisfed.org/docs/api/api_key.html
2026-02-10 22:04:10,861 - Mod_Descarga_API_Publica - INFO - Se usará pandas_datareader sin autenticación (limitado)
2026-02-10 22:04:10,861 - Mod_GRI_MacroEconomicos - INFO - Catálogo inicializado con 53 variables
2026-02-10 22:04:10,861 - Mod_Descarga_API_Publica - INFO - Orquestador de descarga inicializado
2026-02-10 22:04:10,862 - Mod_Descarga_API_Publica - INFO - ====================================================================================================
2026-02-10 22:04:10,862 - Mod_Descarga_API_Publica - INFO - INICIANDO DESCARGA COMPLETA DE VARIABLES MACRO Y DE MERCADO
2026-02-10 22:04:10,862 - Mod_Descarga_API_Publica - INFO - ====================================================================================================
2026-02-10 22:04:10,862 - Mod_Descarga_API_Publica - INFO - 
[1/3] Descargando series desde FRED...
2026-02-10 22:04:10,862 - Mod_Descarga_API_Publica - INFO - Iniciando descarga de 45 series desde FRED...
2026-02-10 22:04:10,863 - Mod_Descarga_API_Publica - INFO - [1/45] Descargando US_SP500: S&P 500 Index
2026-02-10 22:04:15,075 - Mod_Descarga_API_Publica - INFO - [2/45] Descargando US_NASDAQ: NASDAQ Composite Index
2026-02-10 22:04:33,259 - Mod_Descarga_API_Publica - INFO - [3/45] Descargando US_RUSSELL2000: Russell 2000 Index
2026-02-10 22:04:35,554 - Mod_Descarga_API_Publica - INFO - [4/45] Descargando GLOBAL_MSCI_WORLD: MSCI World Index
2026-02-10 22:04:37,688 - Mod_Descarga_API_Publica - INFO - [5/45] Descargando EM_MSCI_EM: MSCI Emerging Markets Index
2026-02-10 22:04:39,498 - Mod_Descarga_API_Publica - INFO - [6/45] Descargando US_VIX: VIX - CBOE Volatility Index
2026-02-10 22:04:40,536 - Mod_Descarga_API_Publica - INFO - [7/45] Descargando EU_VSTOXX: VSTOXX - Euro STOXX 50 Volatility
2026-02-10 22:04:42,370 - Mod_Descarga_API_Publica - INFO - [8/45] Descargando US_MOVE: MOVE Index - Bond Volatility
2026-02-10 22:04:44,205 - Mod_Descarga_API_Publica - INFO - [9/45] Descargando US_YIELD_3M: US Treasury 3-Month Yield
2026-02-10 22:04:45,307 - Mod_Descarga_API_Publica - INFO - [10/45] Descargando US_YIELD_2Y: US Treasury 2-Year Yield
2026-02-10 22:04:46,323 - Mod_Descarga_API_Publica - INFO - [11/45] Descargando US_YIELD_5Y: US Treasury 5-Year Yield
2026-02-10 22:05:05,406 - Mod_Descarga_API_Publica - INFO - [12/45] Descargando US_YIELD_10Y: US Treasury 10-Year Yield
2026-02-10 22:05:06,757 - Mod_Descarga_API_Publica - INFO - [13/45] Descargando US_YIELD_30Y: US Treasury 30-Year Yield
2026-02-10 22:05:38,532 - Mod_Descarga_API_Publica - INFO - [14/45] Descargando US_SPREAD_10Y2Y: US 10Y-2Y Spread
2026-02-10 22:05:41,700 - Mod_Descarga_API_Publica - INFO - [15/45] Descargando US_SPREAD_10Y3M: US 10Y-3M Spread
2026-02-10 22:05:54,079 - Mod_Descarga_API_Publica - INFO - [16/45] Descargando US_CREDIT_IG_SPREAD: ICE BofA US Corporate IG OAS
2026-02-10 22:05:56,557 - Mod_Descarga_API_Publica - INFO - [17/45] Descargando US_CREDIT_HY_SPREAD: ICE BofA US High Yield OAS
2026-02-10 22:05:59,403 - Mod_Descarga_API_Publica - INFO - [18/45] Descargando EU_CREDIT_IG_SPREAD: ICE BofA Euro Corporate IG OAS
2026-02-10 22:06:05,722 - Mod_Descarga_API_Publica - INFO - [19/45] Descargando EU_CREDIT_HY_SPREAD: ICE BofA Euro High Yield OAS
2026-02-10 22:06:10,817 - Mod_Descarga_API_Publica - INFO - [20/45] Descargando EM_CREDIT_SPREAD: JPM EMBI Global Spread
2026-02-10 22:06:16,876 - Mod_Descarga_API_Publica - INFO - [21/45] Descargando EU_YIELD_10Y: German Bund 10-Year Yield
2026-02-10 22:06:22,391 - Mod_Descarga_API_Publica - INFO - [22/45] Descargando US_FINANCIAL_CONDITIONS: Chicago Fed National Financial Conditions Index
2026-02-10 22:06:27,265 - Mod_Descarga_API_Publica - INFO - [23/45] Descargando US_GDP: US Real GDP
2026-02-10 22:06:29,823 - Mod_Descarga_API_Publica - INFO - [24/45] Descargando US_CFNAI: Chicago Fed National Activity Index
2026-02-10 22:06:34,301 - Mod_Descarga_API_Publica - INFO - [25/45] Descargando US_ISM_MANUFACTURING: ISM Manufacturing PMI
2026-02-10 22:06:37,873 - Mod_Descarga_API_Publica - INFO - [26/45] Descargando US_ISM_SERVICES: ISM Services PMI
2026-02-10 22:06:42,486 - Mod_Descarga_API_Publica - INFO - [27/45] Descargando US_INDUSTRIAL_PRODUCTION: Industrial Production Index
2026-02-10 22:06:47,467 - Mod_Descarga_API_Publica - INFO - [28/45] Descargando US_RETAIL_SALES: Retail Sales
2026-02-10 22:06:53,051 - Mod_Descarga_API_Publica - INFO - [29/45] Descargando US_CPI: Consumer Price Index
2026-02-10 22:06:56,186 - Mod_Descarga_API_Publica - INFO - [30/45] Descargando US_CORE_CPI: Core CPI
2026-02-10 22:07:04,928 - Mod_Descarga_API_Publica - INFO - [31/45] Descargando US_PCE: Personal Consumption Expenditures Price Index
2026-02-10 22:07:14,197 - Mod_Descarga_API_Publica - INFO - [32/45] Descargando US_CORE_PCE: Core PCE
2026-02-10 22:07:21,792 - Mod_Descarga_API_Publica - INFO - [33/45] Descargando US_INFLATION_EXPECTATIONS_5Y: 5-Year Breakeven Inflation Rate
2026-02-10 22:07:27,362 - Mod_Descarga_API_Publica - INFO - [34/45] Descargando US_INFLATION_EXPECTATIONS_5Y5Y: 5-Year, 5-Year Forward Inflation Expectation
2026-02-10 22:07:36,179 - Mod_Descarga_API_Publica - INFO - [35/45] Descargando US_UNEMPLOYMENT_RATE: Unemployment Rate
2026-02-10 22:07:41,036 - Mod_Descarga_API_Publica - INFO - [36/45] Descargando US_NONFARM_PAYROLLS: Non-Farm Payrolls
2026-02-10 22:07:44,909 - Mod_Descarga_API_Publica - INFO - [37/45] Descargando US_INITIAL_CLAIMS: Initial Unemployment Claims
2026-02-10 22:07:51,022 - Mod_Descarga_API_Publica - INFO - [38/45] Descargando US_FED_FUNDS_RATE: Federal Funds Effective Rate
2026-02-10 22:07:54,189 - Mod_Descarga_API_Publica - INFO - [39/45] Descargando EU_PMI_MANUFACTURING: Eurozone Manufacturing PMI
2026-02-10 22:07:59,942 - Mod_Descarga_API_Publica - INFO - [40/45] Descargando CN_GDP: China Real GDP
2026-02-10 22:08:05,075 - Mod_Descarga_API_Publica - INFO - [41/45] Descargando CN_PMI_MANUFACTURING: China Manufacturing PMI
2026-02-10 22:08:10,157 - Mod_Descarga_API_Publica - INFO - [42/45] Descargando FX_EURUSD: EUR/USD Exchange Rate
2026-02-10 22:08:18,584 - Mod_Descarga_API_Publica - INFO - [43/45] Descargando FX_GBPUSD: GBP/USD Exchange Rate
2026-02-10 22:08:35,083 - Mod_Descarga_API_Publica - INFO - [44/45] Descargando FX_USDJPY: USD/JPY Exchange Rate
2026-02-10 22:08:43,313 - Mod_Descarga_API_Publica - INFO - [45/45] Descargando FX_USDCHF: USD/CHF Exchange Rate
2026-02-10 22:08:50,631 - Mod_Descarga_API_Publica - INFO - Descarga FRED completada: 35/45 series (77.8%)
2026-02-10 22:08:50,634 - Mod_Descarga_API_Publica - INFO - 
[2/3] Descargando índices desde Yahoo Finance...
2026-02-10 22:08:50,645 - Mod_Descarga_API_Publica - INFO - Descargando US_RUSSELL2000: Russell 2000 Index
2026-02-10 22:08:50,893 - Mod_Descarga_API_Publica - INFO - Descargando EU_STOXX600: STOXX Europe 600
2026-02-10 22:08:52,062 - Mod_Descarga_API_Publica - INFO - Descargando GLOBAL_MSCI_WORLD: MSCI World Index
2026-02-10 22:08:52,568 - Mod_Descarga_API_Publica - INFO - Descargando EM_MSCI_EM: MSCI Emerging Markets Index
2026-02-10 22:08:53,058 - Mod_Descarga_API_Publica - INFO - 
[3/3] Descarga desde ECB/OECD: TODO (implementación futura)
2026-02-10 22:08:53,063 - Mod_Descarga_API_Publica - INFO - 
[4/4] Construyendo DataFrame maestro...
2026-02-10 22:08:53,683 - Mod_Descarga_API_Publica - INFO - DataFrame maestro construido: 7904 filas x 35 columnas
2026-02-10 22:08:53,695 - Mod_Descarga_API_Publica - INFO - Rango temporal: 2001-02-17 a 2026-02-09
2026-02-10 22:08:54,627 - Mod_Descarga_API_Publica - INFO - DataFrame maestro exportado a: C:\Trabajo\3.-Proyectos\3.-Proyectos\2.-P002_Creand\5.-Presentacion Noviembre\1.-Creacion Nueva Cartera Etfs\3.-Agente GPT\1.-Agente GRI\3.-Generacion Series MacroEconomicas\2.-Output\data\df_maestro_variables_macro.csv
2026-02-10 22:08:54,663 - Mod_Descarga_API_Publica - INFO - DataFrame maestro exportado (pickle): C:\Trabajo\3.-Proyectos\3.-Proyectos\2.-P002_Creand\5.-Presentacion Noviembre\1.-Creacion Nueva Cartera Etfs\3.-Agente GPT\1.-Agente GRI\3.-Generacion Series MacroEconomicas\2.-Output\data\df_maestro_variables_macro.pkl
2026-02-10 22:08:54,823 - Mod_Descarga_API_Publica - INFO - Metadata de descarga exportada a: C:\Trabajo\3.-Proyectos\3.-Proyectos\2.-P002_Creand\5.-Presentacion Noviembre\1.-Creacion Nueva Cartera Etfs\3.-Agente GPT\1.-Agente GRI\3.-Generacion Series MacroEconomicas\2.-Output\data\metadata_descarga_series.csv
2026-02-10 22:08:54,828 - Mod_Descarga_API_Publica - INFO - 
====================================================================================================
2026-02-10 22:08:54,830 - Mod_Descarga_API_Publica - INFO - DESCARGA COMPLETADA: 35 series descargadas
2026-02-10 22:08:54,831 - Mod_Descarga_API_Publica - INFO - ====================================================================================================
